2024-05-21T13:55:38.030+08:00  INFO 21720 --- [restartedMain] com.bank.uob.UobApplication              : Starting UobApplication using Java 17.0.10 with PID 21720 (C:\Users\Justin Leong\Desktop\Coding\NTUCcapstone\target\classes started by Justin Leong in C:\Users\Justin Leong\Desktop\Coding\NTUCcapstone)
2024-05-21T13:55:38.034+08:00  INFO 21720 --- [restartedMain] com.bank.uob.UobApplication              : No active profile set, falling back to 1 default profile: "default"
2024-05-21T13:55:38.068+08:00  INFO 21720 --- [restartedMain] .e.DevToolsPropertyDefaultsPostProcessor : Devtools property defaults active! Set 'spring.devtools.add-properties' to 'false' to disable
2024-05-21T13:55:38.068+08:00  INFO 21720 --- [restartedMain] .e.DevToolsPropertyDefaultsPostProcessor : For additional web related logging consider setting the 'logging.level.web' property to 'DEBUG'
2024-05-21T13:55:38.590+08:00  INFO 21720 --- [restartedMain] .s.d.r.c.RepositoryConfigurationDelegate : Bootstrapping Spring Data JPA repositories in DEFAULT mode.
2024-05-21T13:55:38.626+08:00  INFO 21720 --- [restartedMain] .s.d.r.c.RepositoryConfigurationDelegate : Finished Spring Data repository scanning in 30 ms. Found 3 JPA repository interfaces.
2024-05-21T13:55:39.206+08:00  INFO 21720 --- [restartedMain] o.s.b.w.embedded.tomcat.TomcatWebServer  : Tomcat initialized with port 8080 (http)
2024-05-21T13:55:39.228+08:00  INFO 21720 --- [restartedMain] o.apache.catalina.core.StandardService   : Starting service [Tomcat]
2024-05-21T13:55:39.228+08:00  INFO 21720 --- [restartedMain] o.apache.catalina.core.StandardEngine    : Starting Servlet engine: [Apache Tomcat/10.1.20]
2024-05-21T13:55:39.274+08:00  INFO 21720 --- [restartedMain] o.a.c.c.C.[Tomcat].[localhost].[/]       : Initializing Spring embedded WebApplicationContext
2024-05-21T13:55:39.275+08:00  INFO 21720 --- [restartedMain] w.s.c.ServletWebServerApplicationContext : Root WebApplicationContext: initialization completed in 1206 ms
2024-05-21T13:55:39.549+08:00  INFO 21720 --- [restartedMain] o.hibernate.jpa.internal.util.LogHelper  : HHH000204: Processing PersistenceUnitInfo [name: default]
2024-05-21T13:55:39.626+08:00  INFO 21720 --- [restartedMain] org.hibernate.Version                    : HHH000412: Hibernate ORM core version 6.4.4.Final
2024-05-21T13:55:39.655+08:00  INFO 21720 --- [restartedMain] o.h.c.internal.RegionFactoryInitiator    : HHH000026: Second-level cache disabled
2024-05-21T13:55:39.793+08:00  INFO 21720 --- [restartedMain] o.s.o.j.p.SpringPersistenceUnitInfo      : No LoadTimeWeaver setup: ignoring JPA class transformer
2024-05-21T13:55:39.810+08:00  INFO 21720 --- [restartedMain] com.zaxxer.hikari.HikariDataSource       : HikariPool-1 - Starting...
2024-05-21T13:55:40.000+08:00  INFO 21720 --- [restartedMain] com.zaxxer.hikari.pool.HikariPool        : HikariPool-1 - Added connection com.mysql.cj.jdbc.ConnectionImpl@6f1a098d
2024-05-21T13:55:40.001+08:00  INFO 21720 --- [restartedMain] com.zaxxer.hikari.HikariDataSource       : HikariPool-1 - Start completed.
2024-05-21T13:55:40.538+08:00  INFO 21720 --- [restartedMain] o.h.e.t.j.p.i.JtaPlatformInitiator       : HHH000489: No JTA platform available (set 'hibernate.transaction.jta.platform' to enable JTA platform integration)
2024-05-21T13:55:40.582+08:00  INFO 21720 --- [restartedMain] j.LocalContainerEntityManagerFactoryBean : Initialized JPA EntityManagerFactory for persistence unit 'default'
2024-05-21T13:55:40.762+08:00  INFO 21720 --- [restartedMain] o.s.d.j.r.query.QueryEnhancerFactory     : Hibernate is in classpath; If applicable, HQL parser will be used.
2024-05-21T13:55:40.833+08:00  WARN 21720 --- [restartedMain] JpaBaseConfiguration$JpaWebConfiguration : spring.jpa.open-in-view is enabled by default. Therefore, database queries may be performed during view rendering. Explicitly configure spring.jpa.open-in-view to disable this warning
2024-05-21T13:55:41.139+08:00  INFO 21720 --- [restartedMain] o.s.s.web.DefaultSecurityFilterChain     : Will secure any request with [org.springframework.security.web.session.DisableEncodeUrlFilter@3088759f, org.springframework.security.web.context.request.async.WebAsyncManagerIntegrationFilter@4ab61714, org.springframework.security.web.context.SecurityContextHolderFilter@18c02427, org.springframework.security.web.header.HeaderWriterFilter@5d51fcae, org.springframework.web.filter.CorsFilter@15a2b52b, org.springframework.security.web.csrf.CsrfFilter@46575dcc, org.springframework.security.web.authentication.logout.LogoutFilter@119ffe3a, org.springframework.security.web.authentication.UsernamePasswordAuthenticationFilter@20bb819, org.springframework.security.web.savedrequest.RequestCacheAwareFilter@140d0174, org.springframework.security.web.servletapi.SecurityContextHolderAwareRequestFilter@67053da0, org.springframework.security.web.authentication.AnonymousAuthenticationFilter@6ef346b7, org.springframework.security.web.access.ExceptionTranslationFilter@56ff3407, org.springframework.security.web.access.intercept.AuthorizationFilter@5145703a]
2024-05-21T13:55:41.278+08:00  INFO 21720 --- [restartedMain] o.s.b.d.a.OptionalLiveReloadServer       : LiveReload server is running on port 35729
2024-05-21T13:55:41.303+08:00  INFO 21720 --- [restartedMain] o.s.b.w.embedded.tomcat.TomcatWebServer  : Tomcat started on port 8080 (http) with context path ''
2024-05-21T13:55:41.309+08:00  INFO 21720 --- [restartedMain] com.bank.uob.UobApplication              : Started UobApplication in 3.597 seconds (process running for 3.939)
2024-05-21T13:55:56.556+08:00  INFO 21720 --- [http-nio-8080-exec-1] o.a.c.c.C.[Tomcat].[localhost].[/]       : Initializing Spring DispatcherServlet 'dispatcherServlet'
2024-05-21T13:55:56.556+08:00  INFO 21720 --- [http-nio-8080-exec-1] o.s.web.servlet.DispatcherServlet        : Initializing Servlet 'dispatcherServlet'
2024-05-21T13:55:56.557+08:00  INFO 21720 --- [http-nio-8080-exec-1] o.s.web.servlet.DispatcherServlet        : Completed initialization in 1 ms
